<?xml version="1.0" encoding="UTF-8"?>
<!-- Generated by org.testng.reporters.JUnitXMLReporter -->
<testsuite ignored="0" hostname="LAPTOP-TQLDG17K" failures="0" tests="6" name="Default test" time="29.246" errors="0" timestamp="2020-09-08T18:56:25 IST">
  <testcase classname="com.qa.tests.TestBase" name="verifyValidationMessage" time="1.023"/>
  <testcase classname="com.qa.tests.TestBase" name="verifyLogin" time="3.381"/>
  <testcase classname="com.qa.tests.TestBase" name="verifyLogPromiseLink" time="1.42"/>
  <testcase classname="com.qa.tests.TestBase" name="addPromiseTest" time="4.877"/>
  <testcase classname="com.qa.tests.TestBase" name="verifyPromiseAddedTest" time="4.989"/>
  <testcase classname="com.qa.tests.TestBase" name="verifylogout" time="0.892"/>
</testsuite> <!-- Default test -->
