<?xml version="1.0" encoding="UTF-8"?>
<testng-results ignored="0" total="6" passed="6" failed="0" skipped="0">
  <reporter-output>
  </reporter-output>
  <suite started-at="2020-09-08T18:55:55 IST" name="Default suite" finished-at="2020-09-08T18:56:24 IST" duration-ms="29246">
    <groups>
    </groups>
    <test started-at="2020-09-08T18:55:55 IST" name="Default test" finished-at="2020-09-08T18:56:24 IST" duration-ms="29246">
      <class name="com.qa.tests.TestBase">
        <test-method is-config="true" signature="setUp()[pri:0, instance:com.qa.tests.TestBase@306cf3ea]" started-at="2020-09-08T18:55:55 IST" name="setUp" finished-at="2020-09-08T18:56:08 IST" duration-ms="12384" status="PASS">
          <reporter-output>
          </reporter-output>
        </test-method> <!-- setUp -->
        <test-method signature="verifyValidationMessage()[pri:1, instance:com.qa.tests.TestBase@306cf3ea]" started-at="2020-09-08T18:56:08 IST" name="verifyValidationMessage" finished-at="2020-09-08T18:56:09 IST" duration-ms="1023" status="PASS">
          <reporter-output>
          </reporter-output>
        </test-method> <!-- verifyValidationMessage -->
        <test-method signature="verifyLogin()[pri:2, instance:com.qa.tests.TestBase@306cf3ea]" started-at="2020-09-08T18:56:09 IST" name="verifyLogin" finished-at="2020-09-08T18:56:12 IST" duration-ms="3381" status="PASS">
          <reporter-output>
          </reporter-output>
        </test-method> <!-- verifyLogin -->
        <test-method signature="verifyLogPromiseLink()[pri:3, instance:com.qa.tests.TestBase@306cf3ea]" started-at="2020-09-08T18:56:12 IST" name="verifyLogPromiseLink" finished-at="2020-09-08T18:56:14 IST" duration-ms="1420" status="PASS">
          <reporter-output>
          </reporter-output>
        </test-method> <!-- verifyLogPromiseLink -->
        <test-method signature="addPromiseTest()[pri:4, instance:com.qa.tests.TestBase@306cf3ea]" started-at="2020-09-08T18:56:14 IST" name="addPromiseTest" finished-at="2020-09-08T18:56:18 IST" duration-ms="4877" status="PASS">
          <reporter-output>
          </reporter-output>
        </test-method> <!-- addPromiseTest -->
        <test-method signature="verifyPromiseAddedTest()[pri:5, instance:com.qa.tests.TestBase@306cf3ea]" started-at="2020-09-08T18:56:18 IST" name="verifyPromiseAddedTest" finished-at="2020-09-08T18:56:23 IST" duration-ms="4989" status="PASS">
          <reporter-output>
          </reporter-output>
        </test-method> <!-- verifyPromiseAddedTest -->
        <test-method signature="verifylogout()[pri:6, instance:com.qa.tests.TestBase@306cf3ea]" started-at="2020-09-08T18:56:23 IST" name="verifylogout" finished-at="2020-09-08T18:56:24 IST" duration-ms="892" status="PASS">
          <reporter-output>
          </reporter-output>
        </test-method> <!-- verifylogout -->
        <test-method is-config="true" signature="terminateBrowser()[pri:0, instance:com.qa.tests.TestBase@306cf3ea]" started-at="2020-09-08T18:56:24 IST" name="terminateBrowser" finished-at="2020-09-08T18:56:24 IST" duration-ms="144" status="PASS">
          <reporter-output>
          </reporter-output>
        </test-method> <!-- terminateBrowser -->
      </class> <!-- com.qa.tests.TestBase -->
    </test> <!-- Default test -->
  </suite> <!-- Default suite -->
</testng-results>
